<?xml version="1.0" encoding="UTF-8"?>
<!-- Generated by org.testng.reporters.JUnitReportReporter -->
<testsuite hostname="Anusha-PC" name="scripts.demoa" tests="1" failures="0" timestamp="4 Oct 2015 04:47:44 GMT" time="0.040" errors="0">
  <testcase name="testa" time="0.040" classname="scripts.demoa"/>
</testsuite> <!-- scripts.demoa -->
