<?xml version="1.0" encoding="UTF-8"?>
<!-- Generated by org.testng.reporters.JUnitReportReporter -->
<testsuite hostname="Anusha-PC" name="scripts.InvalidLogin" tests="1" failures="0" timestamp="4 Oct 2015 06:06:31 GMT" time="2.227" errors="0">
  <testcase name="testInvalidlogin" time="2.227" classname="scripts.InvalidLogin"/>
</testsuite> <!-- scripts.InvalidLogin -->
