<?xml version="1.0" encoding="UTF-8"?>
<!-- Generated by org.testng.reporters.JUnitReportReporter -->
<testsuite hostname="Anusha-PC" name="scripts.Loginlogout2" tests="1" failures="0" timestamp="11 Oct 2015 04:29:42 GMT" time="31.842" errors="0">
  <testcase name="testloginlogout" time="31.842" classname="scripts.Loginlogout2"/>
</testsuite> <!-- scripts.Loginlogout2 -->
